  [1m[35m (276.6ms)[0m  [1m[35mCREATE DATABASE "boats_development" ENCODING = 'unicode'[0m
  [1m[35m (0.8ms)[0m  [1m[35mCREATE DATABASE "boats_development" ENCODING = 'unicode'[0m
  [1m[35m (4.6ms)[0m  [1m[35mCREATE TABLE "schema_migrations" ("version" character varying NOT NULL PRIMARY KEY)[0m
  [1m[35m (3.3ms)[0m  [1m[35mCREATE TABLE "ar_internal_metadata" ("key" character varying NOT NULL PRIMARY KEY, "value" character varying, "created_at" timestamp(6) NOT NULL, "updated_at" timestamp(6) NOT NULL)[0m
  [1m[35m (0.3ms)[0m  [1m[34mSELECT pg_try_advisory_lock(1760685658963044345)[0m
  [1m[35m (0.5ms)[0m  [1m[34mSELECT "schema_migrations"."version" FROM "schema_migrations" ORDER BY "schema_migrations"."version" ASC[0m
Migrating to CreateBoats (20200806022748)
  [1m[35m (0.4ms)[0m  [1m[35mBEGIN[0m
  [1m[35m (3.7ms)[0m  [1m[35mCREATE TABLE "boats" ("id" bigserial primary key, "name" character varying, "created_at" timestamp(6) NOT NULL, "updated_at" timestamp(6) NOT NULL)[0m
  [1m[36mprimary::SchemaMigration Create (0.4ms)[0m  [1m[32mINSERT INTO "schema_migrations" ("version") VALUES ($1) RETURNING "version"[0m  [["version", "20200806022748"]]
  [1m[35m (0.6ms)[0m  [1m[35mCOMMIT[0m
  [1m[36mActiveRecord::InternalMetadata Load (0.4ms)[0m  [1m[34mSELECT "ar_internal_metadata".* FROM "ar_internal_metadata" WHERE "ar_internal_metadata"."key" = $1 LIMIT $2[0m  [["key", "environment"], ["LIMIT", 1]]
  [1m[35m (0.3ms)[0m  [1m[35mBEGIN[0m
  [1m[36mActiveRecord::InternalMetadata Create (0.6ms)[0m  [1m[32mINSERT INTO "ar_internal_metadata" ("key", "value", "created_at", "updated_at") VALUES ($1, $2, $3, $4) RETURNING "key"[0m  [["key", "environment"], ["value", "development"], ["created_at", "2021-04-14 23:31:39.062104"], ["updated_at", "2021-04-14 23:31:39.062104"]]
  [1m[35m (0.7ms)[0m  [1m[35mCOMMIT[0m
  [1m[35m (0.4ms)[0m  [1m[34mSELECT pg_advisory_unlock(1760685658963044345)[0m
  [1m[35m (0.6ms)[0m  [1m[34mSELECT "schema_migrations"."version" FROM "schema_migrations" ORDER BY "schema_migrations"."version" ASC[0m
Started GET "/" for 172.27.0.1 at 2021-04-14 23:32:01 +0000
Cannot render console from 172.27.0.1! Allowed networks: 127.0.0.0/127.255.255.255, ::1
  [1m[35m (0.6ms)[0m  [1m[34mSELECT "schema_migrations"."version" FROM "schema_migrations" ORDER BY "schema_migrations"."version" ASC[0m
Processing by BoatsController#index as HTML
  Rendering boats/index.html.erb within layouts/application
  [1m[36mBoat Load (0.6ms)[0m  [1m[34mSELECT "boats".* FROM "boats"[0m
  ↳ app/views/boats/index.html.erb:14
  Rendered boats/index.html.erb within layouts/application (Duration: 14.4ms | Allocations: 1500)
Completed 500 Internal Server Error in 440ms (ActiveRecord: 1.9ms | Allocations: 22275)


  
ActionView::Template::Error (No such file or directory @ rb_sysopen - yarn.lock):
     6:     <%= csp_meta_tag %>
     7: 
     8:     <%= stylesheet_link_tag 'application', media: 'all', 'data-turbolinks-track': 'reload' %>
     9:     <%= javascript_pack_tag 'application', 'data-turbolinks-track': 'reload' %>
    10:   </head>
    11: 
    12:   <body>
  
app/views/layouts/application.html.erb:9
Started GET "/" for 172.27.0.1 at 2021-04-14 23:34:55 +0000
Cannot render console from 172.27.0.1! Allowed networks: 127.0.0.0/127.255.255.255, ::1
Processing by BoatsController#index as HTML
  Rendering boats/index.html.erb within layouts/application
  [1m[36mBoat Load (0.6ms)[0m  [1m[34mSELECT "boats".* FROM "boats"[0m
  ↳ app/views/boats/index.html.erb:14
  Rendered boats/index.html.erb within layouts/application (Duration: 3.7ms | Allocations: 687)
[Webpacker] Compiling...
[Webpacker] Compilation failed:
yarn run v1.22.5
info Visit https://yarnpkg.com/en/docs/cli/run for documentation about this command.


error Command "webpack" not found.

Completed 500 Internal Server Error in 1738ms (ActiveRecord: 0.6ms | Allocations: 5442)


  
ActionView::Template::Error (Webpacker can't find application in /code/public/packs/manifest.json. Possible causes:
1. You want to set webpacker.yml value of compile to true for your environment
   unless you are using the `webpack -w` or the webpack-dev-server.
2. webpack has not yet re-run to reflect updates.
3. You have misconfigured Webpacker's config/webpacker.yml file.
4. Your webpack configuration is not creating a manifest.
Your manifest contains:
{
}
):
     6:     <%= csp_meta_tag %>
     7: 
     8:     <%= stylesheet_link_tag 'application', media: 'all', 'data-turbolinks-track': 'reload' %>
     9:     <%= javascript_pack_tag 'application', 'data-turbolinks-track': 'reload' %>
    10:   </head>
    11: 
    12:   <body>
  
app/views/layouts/application.html.erb:9
Started GET "/" for 172.28.0.1 at 2021-04-14 23:35:50 +0000
Cannot render console from 172.28.0.1! Allowed networks: 127.0.0.0/127.255.255.255, ::1
  [1m[35m (0.7ms)[0m  [1m[34mSELECT "schema_migrations"."version" FROM "schema_migrations" ORDER BY "schema_migrations"."version" ASC[0m
Processing by BoatsController#index as HTML
  Rendering boats/index.html.erb within layouts/application
  [1m[36mBoat Load (0.6ms)[0m  [1m[34mSELECT "boats".* FROM "boats"[0m
  ↳ app/views/boats/index.html.erb:14
  Rendered boats/index.html.erb within layouts/application (Duration: 8.7ms | Allocations: 1388)
[Webpacker] Compiling...
[Webpacker] Compilation failed:
yarn run v1.22.5
info Visit https://yarnpkg.com/en/docs/cli/run for documentation about this command.


error Command "webpack" not found.

Completed 500 Internal Server Error in 1783ms (ActiveRecord: 1.8ms | Allocations: 10968)


  
ActionView::Template::Error (Webpacker can't find application in /code/public/packs/manifest.json. Possible causes:
1. You want to set webpacker.yml value of compile to true for your environment
   unless you are using the `webpack -w` or the webpack-dev-server.
2. webpack has not yet re-run to reflect updates.
3. You have misconfigured Webpacker's config/webpacker.yml file.
4. Your webpack configuration is not creating a manifest.
Your manifest contains:
{
}
):
     6:     <%= csp_meta_tag %>
     7: 
     8:     <%= stylesheet_link_tag 'application', media: 'all', 'data-turbolinks-track': 'reload' %>
     9:     <%= javascript_pack_tag 'application', 'data-turbolinks-track': 'reload' %>
    10:   </head>
    11: 
    12:   <body>
  
app/views/layouts/application.html.erb:9
Started GET "/" for 172.28.0.1 at 2021-04-19 18:48:38 +0000
Cannot render console from 172.28.0.1! Allowed networks: 127.0.0.0/127.255.255.255, ::1
  [1m[35m (0.8ms)[0m  [1m[34mSELECT "schema_migrations"."version" FROM "schema_migrations" ORDER BY "schema_migrations"."version" ASC[0m
Processing by BoatsController#index as HTML
  Rendering boats/index.html.erb within layouts/application
  [1m[36mBoat Load (1.1ms)[0m  [1m[34mSELECT "boats".* FROM "boats"[0m
  ↳ app/views/boats/index.html.erb:14
  Rendered boats/index.html.erb within layouts/application (Duration: 12.5ms | Allocations: 1388)
[Webpacker] Compiling...
[Webpacker] Compilation failed:
yarn run v1.22.5
info Visit https://yarnpkg.com/en/docs/cli/run for documentation about this command.


error Command "webpack" not found.

Completed 500 Internal Server Error in 1938ms (ActiveRecord: 2.9ms | Allocations: 10955)


  
ActionView::Template::Error (Webpacker can't find application in /code/public/packs/manifest.json. Possible causes:
1. You want to set webpacker.yml value of compile to true for your environment
   unless you are using the `webpack -w` or the webpack-dev-server.
2. webpack has not yet re-run to reflect updates.
3. You have misconfigured Webpacker's config/webpacker.yml file.
4. Your webpack configuration is not creating a manifest.
Your manifest contains:
{
}
):
     6:     <%= csp_meta_tag %>
     7: 
     8:     <%= stylesheet_link_tag 'application', media: 'all', 'data-turbolinks-track': 'reload' %>
     9:     <%= javascript_pack_tag 'application', 'data-turbolinks-track': 'reload' %>
    10:   </head>
    11: 
    12:   <body>
  
app/views/layouts/application.html.erb:9
Started GET "/" for 172.19.0.1 at 2021-04-19 18:50:43 +0000
Cannot render console from 172.19.0.1! Allowed networks: 127.0.0.0/127.255.255.255, ::1
  [1m[35m (0.6ms)[0m  [1m[34mSELECT "schema_migrations"."version" FROM "schema_migrations" ORDER BY "schema_migrations"."version" ASC[0m
Processing by BoatsController#index as HTML
  Rendering boats/index.html.erb within layouts/application
  [1m[36mBoat Load (0.6ms)[0m  [1m[34mSELECT "boats".* FROM "boats"[0m
  ↳ app/views/boats/index.html.erb:14
  Rendered boats/index.html.erb within layouts/application (Duration: 8.8ms | Allocations: 1388)
[Webpacker] Compiling...
[Webpacker] Compilation failed:
yarn run v1.22.5
info Visit https://yarnpkg.com/en/docs/cli/run for documentation about this command.


error Command "webpack" not found.

Completed 500 Internal Server Error in 1770ms (ActiveRecord: 1.9ms | Allocations: 10955)


  
ActionView::Template::Error (Webpacker can't find application in /code/public/packs/manifest.json. Possible causes:
1. You want to set webpacker.yml value of compile to true for your environment
   unless you are using the `webpack -w` or the webpack-dev-server.
2. webpack has not yet re-run to reflect updates.
3. You have misconfigured Webpacker's config/webpacker.yml file.
4. Your webpack configuration is not creating a manifest.
Your manifest contains:
{
}
):
     6:     <%= csp_meta_tag %>
     7: 
     8:     <%= stylesheet_link_tag 'application', media: 'all', 'data-turbolinks-track': 'reload' %>
     9:     <%= javascript_pack_tag 'application', 'data-turbolinks-track': 'reload' %>
    10:   </head>
    11: 
    12:   <body>
  
app/views/layouts/application.html.erb:9
Started GET "/" for 172.20.0.1 at 2021-04-19 18:55:01 +0000
Cannot render console from 172.20.0.1! Allowed networks: 127.0.0.0/127.255.255.255, ::1
  [1m[35m (0.5ms)[0m  [1m[34mSELECT "schema_migrations"."version" FROM "schema_migrations" ORDER BY "schema_migrations"."version" ASC[0m
Processing by BoatsController#index as HTML
  Rendering boats/index.html.erb within layouts/application
  [1m[36mBoat Load (0.6ms)[0m  [1m[34mSELECT "boats".* FROM "boats"[0m
  ↳ app/views/boats/index.html.erb:14
  Rendered boats/index.html.erb within layouts/application (Duration: 7.7ms | Allocations: 1388)
[Webpacker] Compiling...
[Webpacker] Compilation failed:
yarn run v1.22.5
info Visit https://yarnpkg.com/en/docs/cli/run for documentation about this command.


error Command "webpack" not found.

Completed 500 Internal Server Error in 1759ms (ActiveRecord: 1.9ms | Allocations: 10951)


  
ActionView::Template::Error (Webpacker can't find application in /code/public/packs/manifest.json. Possible causes:
1. You want to set webpacker.yml value of compile to true for your environment
   unless you are using the `webpack -w` or the webpack-dev-server.
2. webpack has not yet re-run to reflect updates.
3. You have misconfigured Webpacker's config/webpacker.yml file.
4. Your webpack configuration is not creating a manifest.
Your manifest contains:
{
}
):
     6:     <%= csp_meta_tag %>
     7: 
     8:     <%= stylesheet_link_tag 'application', media: 'all', 'data-turbolinks-track': 'reload' %>
     9:     <%= javascript_pack_tag 'application', 'data-turbolinks-track': 'reload' %>
    10:   </head>
    11: 
    12:   <body>
  
app/views/layouts/application.html.erb:9
Started GET "/" for 172.21.0.1 at 2021-04-19 19:08:19 +0000
Cannot render console from 172.21.0.1! Allowed networks: 127.0.0.0/127.255.255.255, ::1
  [1m[35m (0.6ms)[0m  [1m[34mSELECT "schema_migrations"."version" FROM "schema_migrations" ORDER BY "schema_migrations"."version" ASC[0m
Processing by BoatsController#index as HTML
  Rendering boats/index.html.erb within layouts/application
  [1m[36mBoat Load (0.6ms)[0m  [1m[34mSELECT "boats".* FROM "boats"[0m
  ↳ app/views/boats/index.html.erb:14
  Rendered boats/index.html.erb within layouts/application (Duration: 11.5ms | Allocations: 1500)
[Webpacker] Compiling...
[Webpacker] Compilation failed:
yarn run v1.22.5
info Visit https://yarnpkg.com/en/docs/cli/run for documentation about this command.


error Command "webpack" not found.

Completed 500 Internal Server Error in 1823ms (ActiveRecord: 1.8ms | Allocations: 12004)


  
ActionView::Template::Error (Webpacker can't find application in /code/public/packs/manifest.json. Possible causes:
1. You want to set webpacker.yml value of compile to true for your environment
   unless you are using the `webpack -w` or the webpack-dev-server.
2. webpack has not yet re-run to reflect updates.
3. You have misconfigured Webpacker's config/webpacker.yml file.
4. Your webpack configuration is not creating a manifest.
Your manifest contains:
{
}
):
     6:     <%= csp_meta_tag %>
     7: 
     8:     <%= stylesheet_link_tag 'application', media: 'all', 'data-turbolinks-track': 'reload' %>
     9:     <%= javascript_pack_tag 'application', 'data-turbolinks-track': 'reload' %>
    10:   </head>
    11: 
    12:   <body>
  
app/views/layouts/application.html.erb:9
Started GET "/" for 172.21.0.1 at 2021-04-19 19:13:38 +0000
Cannot render console from 172.21.0.1! Allowed networks: 127.0.0.0/127.255.255.255, ::1
  [1m[35m (0.6ms)[0m  [1m[34mSELECT "schema_migrations"."version" FROM "schema_migrations" ORDER BY "schema_migrations"."version" ASC[0m
Processing by BoatsController#index as HTML
  Rendering boats/index.html.erb within layouts/application
  [1m[36mBoat Load (1.2ms)[0m  [1m[34mSELECT "boats".* FROM "boats"[0m
  ↳ app/views/boats/index.html.erb:14
  Rendered boats/index.html.erb within layouts/application (Duration: 9.4ms | Allocations: 1388)
[Webpacker] Compiling...
[Webpacker] Compilation failed:
yarn run v1.22.5
info Visit https://yarnpkg.com/en/docs/cli/run for documentation about this command.


error Command "webpack" not found.

Completed 500 Internal Server Error in 1769ms (ActiveRecord: 2.5ms | Allocations: 10955)


  
ActionView::Template::Error (Webpacker can't find application in /code/public/packs/manifest.json. Possible causes:
1. You want to set webpacker.yml value of compile to true for your environment
   unless you are using the `webpack -w` or the webpack-dev-server.
2. webpack has not yet re-run to reflect updates.
3. You have misconfigured Webpacker's config/webpacker.yml file.
4. Your webpack configuration is not creating a manifest.
Your manifest contains:
{
}
):
     6:     <%= csp_meta_tag %>
     7: 
     8:     <%= stylesheet_link_tag 'application', media: 'all', 'data-turbolinks-track': 'reload' %>
     9:     <%= javascript_pack_tag 'application', 'data-turbolinks-track': 'reload' %>
    10:   </head>
    11: 
    12:   <body>
  
app/views/layouts/application.html.erb:9
Started GET "/" for 172.22.0.1 at 2021-04-19 19:34:16 +0000
Cannot render console from 172.22.0.1! Allowed networks: 127.0.0.0/127.255.255.255, ::1
  [1m[35m (0.4ms)[0m  [1m[34mSELECT "schema_migrations"."version" FROM "schema_migrations" ORDER BY "schema_migrations"."version" ASC[0m
Processing by BoatsController#index as HTML
  Rendering boats/index.html.erb within layouts/application
  [1m[36mBoat Load (0.6ms)[0m  [1m[34mSELECT "boats".* FROM "boats"[0m
  ↳ app/views/boats/index.html.erb:14
  Rendered boats/index.html.erb within layouts/application (Duration: 11.7ms | Allocations: 1500)
[Webpacker] Compiling...
[Webpacker] Compilation failed:
yarn run v1.22.5
info Visit https://yarnpkg.com/en/docs/cli/run for documentation about this command.


error Command "webpack" not found.

Completed 500 Internal Server Error in 1813ms (ActiveRecord: 1.9ms | Allocations: 12003)


  
ActionView::Template::Error (Webpacker can't find application in /code/public/packs/manifest.json. Possible causes:
1. You want to set webpacker.yml value of compile to true for your environment
   unless you are using the `webpack -w` or the webpack-dev-server.
2. webpack has not yet re-run to reflect updates.
3. You have misconfigured Webpacker's config/webpacker.yml file.
4. Your webpack configuration is not creating a manifest.
Your manifest contains:
{
}
):
     6:     <%= csp_meta_tag %>
     7: 
     8:     <%= stylesheet_link_tag 'application', media: 'all', 'data-turbolinks-track': 'reload' %>
     9:     <%= javascript_pack_tag 'application', 'data-turbolinks-track': 'reload' %>
    10:   </head>
    11: 
    12:   <body>
  
app/views/layouts/application.html.erb:9
Started GET "/" for 172.23.0.1 at 2021-04-19 19:52:18 +0000
Cannot render console from 172.23.0.1! Allowed networks: 127.0.0.0/127.255.255.255, ::1
  [1m[35m (0.6ms)[0m  [1m[34mSELECT "schema_migrations"."version" FROM "schema_migrations" ORDER BY "schema_migrations"."version" ASC[0m
Processing by BoatsController#index as HTML
  Rendering boats/index.html.erb within layouts/application
  [1m[36mBoat Load (0.6ms)[0m  [1m[34mSELECT "boats".* FROM "boats"[0m
  ↳ app/views/boats/index.html.erb:14
  Rendered boats/index.html.erb within layouts/application (Duration: 11.1ms | Allocations: 1388)
[Webpacker] Compiling...
[Webpacker] Compiled all packs in /code/public/packs
[Webpacker] Hash: ef270c56fa66020c9089
Version: webpack 4.46.0
Time: 4083ms
Built at: 04/19/2021 7:52:27 PM
                                     Asset       Size       Chunks                         Chunk Names
    js/application-e88c6c3304a15e6886b6.js    124 KiB  application  [emitted] [immutable]  application
js/application-e88c6c3304a15e6886b6.js.map    139 KiB  application  [emitted] [dev]        application
                             manifest.json  364 bytes               [emitted]              
Entrypoint application = js/application-e88c6c3304a15e6886b6.js js/application-e88c6c3304a15e6886b6.js.map
[./app/javascript/channels sync recursive _channel\.js$] ./app/javascript/channels sync _channel\.js$ 160 bytes {application} [built]
[./app/javascript/channels/index.js] 211 bytes {application} [built]
[./app/javascript/packs/application.js] 749 bytes {application} [built]
[./node_modules/webpack/buildin/module.js] (webpack)/buildin/module.js 552 bytes {application} [built]
    + 3 hidden modules

Completed 200 OK in 8475ms (Views: 8460.1ms | ActiveRecord: 1.9ms | Allocations: 10217)


Started GET "/boats/new" for 172.23.0.1 at 2021-04-19 19:53:35 +0000
Cannot render console from 172.23.0.1! Allowed networks: 127.0.0.0/127.255.255.255, ::1
Processing by BoatsController#new as HTML
  Rendering boats/new.html.erb within layouts/application
  Rendered boats/_form.html.erb (Duration: 64.0ms | Allocations: 6128)
  Rendered boats/new.html.erb within layouts/application (Duration: 66.9ms | Allocations: 6466)
[Webpacker] Everything's up-to-date. Nothing to do
Completed 200 OK in 100ms (Views: 91.6ms | ActiveRecord: 2.8ms | Allocations: 12392)


Started POST "/boats" for 172.23.0.1 at 2021-04-19 19:53:43 +0000
Cannot render console from 172.23.0.1! Allowed networks: 127.0.0.0/127.255.255.255, ::1
Processing by BoatsController#create as HTML
  Parameters: {"authenticity_token"=>"RksPxssyHWS2sXkbLaTzOQJI3BRmAJzdFobRMZz61zPtRL9q3GuHWKC6Z3MXH39P/bnpohsaoHwczl8EADuoYw==", "boat"=>{"name"=>"USS ESSEX"}, "commit"=>"Create Boat"}
  [1m[35m (0.2ms)[0m  [1m[35mBEGIN[0m
  ↳ app/controllers/boats_controller.rb:30:in `block in create'
  [1m[36mBoat Create (2.3ms)[0m  [1m[32mINSERT INTO "boats" ("name", "created_at", "updated_at") VALUES ($1, $2, $3) RETURNING "id"[0m  [["name", "USS ESSEX"], ["created_at", "2021-04-19 19:53:43.299680"], ["updated_at", "2021-04-19 19:53:43.299680"]]
  ↳ app/controllers/boats_controller.rb:30:in `block in create'
  [1m[35m (1.5ms)[0m  [1m[35mCOMMIT[0m
  ↳ app/controllers/boats_controller.rb:30:in `block in create'
Redirected to http://localhost:3002/boats/1
Completed 302 Found in 13ms (ActiveRecord: 4.0ms | Allocations: 3002)


Started GET "/boats/1" for 172.23.0.1 at 2021-04-19 19:53:43 +0000
Cannot render console from 172.23.0.1! Allowed networks: 127.0.0.0/127.255.255.255, ::1
Processing by BoatsController#show as HTML
  Parameters: {"id"=>"1"}
  [1m[36mBoat Load (0.3ms)[0m  [1m[34mSELECT "boats".* FROM "boats" WHERE "boats"."id" = $1 LIMIT $2[0m  [["id", 1], ["LIMIT", 1]]
  ↳ app/controllers/boats_controller.rb:67:in `set_boat'
  Rendering boats/show.html.erb within layouts/application
  Rendered boats/show.html.erb within layouts/application (Duration: 1.9ms | Allocations: 228)
[Webpacker] Everything's up-to-date. Nothing to do
Completed 200 OK in 40ms (Views: 26.9ms | ActiveRecord: 0.5ms | Allocations: 5403)


Started GET "/boats" for 172.23.0.1 at 2021-04-19 19:53:46 +0000
Cannot render console from 172.23.0.1! Allowed networks: 127.0.0.0/127.255.255.255, ::1
Processing by BoatsController#index as HTML
  Rendering boats/index.html.erb within layouts/application
  [1m[36mBoat Load (0.6ms)[0m  [1m[34mSELECT "boats".* FROM "boats"[0m
  ↳ app/views/boats/index.html.erb:14
  Rendered boats/index.html.erb within layouts/application (Duration: 3.9ms | Allocations: 787)
[Webpacker] Everything's up-to-date. Nothing to do
Completed 200 OK in 34ms (Views: 32.2ms | ActiveRecord: 0.6ms | Allocations: 4558)


Started GET "/boats/new" for 172.23.0.1 at 2021-04-19 19:53:49 +0000
Cannot render console from 172.23.0.1! Allowed networks: 127.0.0.0/127.255.255.255, ::1
Processing by BoatsController#new as HTML
  Rendering boats/new.html.erb within layouts/application
  Rendered boats/_form.html.erb (Duration: 1.2ms | Allocations: 505)
  Rendered boats/new.html.erb within layouts/application (Duration: 2.5ms | Allocations: 588)
[Webpacker] Everything's up-to-date. Nothing to do
Completed 200 OK in 32ms (Views: 30.7ms | ActiveRecord: 0.0ms | Allocations: 4362)


Started POST "/boats" for 172.23.0.1 at 2021-04-19 19:53:56 +0000
Cannot render console from 172.23.0.1! Allowed networks: 127.0.0.0/127.255.255.255, ::1
Processing by BoatsController#create as HTML
  Parameters: {"authenticity_token"=>"sqy3V4AP51bOntweZJNv9Kg9KMo+gsvAP0kXxGOfqsQZowf7l1Z9atiVwnZeKOOCV8wdfEOY92E1AZnx/17VlA==", "boat"=>{"name"=>"USS HELENA"}, "commit"=>"Create Boat"}
  [1m[35m (0.3ms)[0m  [1m[35mBEGIN[0m
  ↳ app/controllers/boats_controller.rb:30:in `block in create'
  [1m[36mBoat Create (0.5ms)[0m  [1m[32mINSERT INTO "boats" ("name", "created_at", "updated_at") VALUES ($1, $2, $3) RETURNING "id"[0m  [["name", "USS HELENA"], ["created_at", "2021-04-19 19:53:56.660734"], ["updated_at", "2021-04-19 19:53:56.660734"]]
  ↳ app/controllers/boats_controller.rb:30:in `block in create'
  [1m[35m (0.6ms)[0m  [1m[35mCOMMIT[0m
  ↳ app/controllers/boats_controller.rb:30:in `block in create'
Redirected to http://localhost:3002/boats/2
Completed 302 Found in 11ms (ActiveRecord: 1.4ms | Allocations: 2747)


Started GET "/boats/2" for 172.23.0.1 at 2021-04-19 19:53:56 +0000
Cannot render console from 172.23.0.1! Allowed networks: 127.0.0.0/127.255.255.255, ::1
Processing by BoatsController#show as HTML
  Parameters: {"id"=>"2"}
  [1m[36mBoat Load (0.3ms)[0m  [1m[34mSELECT "boats".* FROM "boats" WHERE "boats"."id" = $1 LIMIT $2[0m  [["id", 2], ["LIMIT", 1]]
  ↳ app/controllers/boats_controller.rb:67:in `set_boat'
  Rendering boats/show.html.erb within layouts/application
  Rendered boats/show.html.erb within layouts/application (Duration: 0.7ms | Allocations: 79)
[Webpacker] Everything's up-to-date. Nothing to do
Completed 200 OK in 30ms (Views: 26.5ms | ActiveRecord: 0.3ms | Allocations: 4413)


Started GET "/boats" for 172.23.0.1 at 2021-04-19 19:53:57 +0000
Cannot render console from 172.23.0.1! Allowed networks: 127.0.0.0/127.255.255.255, ::1
Processing by BoatsController#index as HTML
  Rendering boats/index.html.erb within layouts/application
  [1m[36mBoat Load (0.7ms)[0m  [1m[34mSELECT "boats".* FROM "boats"[0m
  ↳ app/views/boats/index.html.erb:14
  Rendered boats/index.html.erb within layouts/application (Duration: 4.7ms | Allocations: 914)
[Webpacker] Everything's up-to-date. Nothing to do
Completed 200 OK in 34ms (Views: 32.4ms | ActiveRecord: 0.7ms | Allocations: 4698)


